[debug] [2023-10-01T14:36:35.536Z] ----------------------------------------------------------------------
[debug] [2023-10-01T14:36:35.538Z] Command:       C:\Program Files\nodejs\node.exe C:\Users\walpa\AppData\Roaming\npm\node_modules\firebase-tools\lib\bin\firebase.js init
[debug] [2023-10-01T14:36:35.539Z] CLI Version:   12.6.1
[debug] [2023-10-01T14:36:35.539Z] Platform:      win32
[debug] [2023-10-01T14:36:35.539Z] Node Version:  v18.15.0
[debug] [2023-10-01T14:36:35.540Z] Time:          Sun Oct 01 2023 20:36:35 GMT+0600 (East Kazakhstan Time)
[debug] [2023-10-01T14:36:35.540Z] ----------------------------------------------------------------------
[debug] 
[debug] [2023-10-01T14:36:35.550Z] > command requires scopes: ["email","openid","https://www.googleapis.com/auth/cloudplatformprojects.readonly","https://www.googleapis.com/auth/firebase","https://www.googleapis.com/auth/cloud-platform"]
[debug] [2023-10-01T14:36:35.551Z] > authorizing via signed-in user (Walparis1@mail.ru)
[info] 
     ######## #### ########  ######## ########     ###     ######  ########
     ##        ##  ##     ## ##       ##     ##  ##   ##  ##       ##
     ######    ##  ########  ######   ########  #########  ######  ######
     ##        ##  ##    ##  ##       ##     ## ##     ##       ## ##
     ##       #### ##     ## ######## ########  ##     ##  ######  ########

You're about to initialize a Firebase project in this directory:

  C:\Users\walpa\Documents\projects\firebase-react-pedrotech\firebase-react

[info] 
=== Project Setup
[info] 
[info] First, let's associate this project directory with a Firebase project.
[info] You can create multiple project aliases by running firebase use --add, 
[info] but for now we'll just set up a default project.
[info] 
[debug] [2023-10-01T14:36:43.373Z] >>> [apiv2][query] GET https://firebase.googleapis.com/v1beta1/projects pageSize=100
[debug] [2023-10-01T14:36:44.166Z] <<< [apiv2][status] GET https://firebase.googleapis.com/v1beta1/projects 200
[debug] [2023-10-01T14:36:44.166Z] <<< [apiv2][body] GET https://firebase.googleapis.com/v1beta1/projects [omitted]
[info] i  Using project fir-react-d73ae (Firebase-react) 
[info] 
=== Hosting Setup
[info] 
[info] Your public directory is the folder (relative to your project directory) that
[info] will contain Hosting assets to be uploaded with firebase deploy. If you
[info] have a build process for your assets, use your build's output directory.
[info] 
[info] +  Wrote public/404.html 
[debug] [2023-10-01T14:37:36.307Z] >>> [apiv2][query] GET https://www.gstatic.com/firebasejs/releases.json [none]
[debug] [2023-10-01T14:37:36.650Z] <<< [apiv2][status] GET https://www.gstatic.com/firebasejs/releases.json 200
[debug] [2023-10-01T14:37:36.651Z] <<< [apiv2][body] GET https://www.gstatic.com/firebasejs/releases.json {"current":{"version":"10.4.0","browserURL":"https://www.gstatic.com/firebasejs/10.4.0/firebase.js","packageURL":"https://www.gstatic.com/firebasejs/10.4.0/firebase.tgz"},"live":{"version":"10.4","browserURL":"https://www.gstatic.com/firebasejs/live/10.4/firebase.js","packageURL":"https://www.gstatic.com/firebasejs/live/10.4/firebase.tgz"},"components":{"analytics":"https://www.gstatic.com/firebasejs/10.4.0/firebase-analytics.js","app":"https://www.gstatic.com/firebasejs/10.4.0/firebase-app.js","app-check":"https://www.gstatic.com/firebasejs/10.4.0/firebase-app-check.js","auth":"https://www.gstatic.com/firebasejs/10.4.0/firebase-auth.js","auth/cordova":"https://www.gstatic.com/firebasejs/10.4.0/firebase-auth/cordova.js","functions":"https://www.gstatic.com/firebasejs/10.4.0/firebase-functions.js","firestore":"https://www.gstatic.com/firebasejs/10.4.0/firebase-firestore.js","firestore/lite":"https://www.gstatic.com/firebasejs/10.4.0/firebase-firestore/lite.js","installations":"https://www.gstatic.com/firebasejs/10.4.0/firebase-installations.js","storage":"https://www.gstatic.com/firebasejs/10.4.0/firebase-storage.js","performance":"https://www.gstatic.com/firebasejs/10.4.0/firebase-performance.js","remote-config":"https://www.gstatic.com/firebasejs/10.4.0/firebase-remote-config.js","messaging":"https://www.gstatic.com/firebasejs/10.4.0/firebase-messaging.js","messaging/sw":"https://www.gstatic.com/firebasejs/10.4.0/firebase-messaging/sw.js","database":"https://www.gstatic.com/firebasejs/10.4.0/firebase-database.js","firestore.memory":"https://www.gstatic.com/firebasejs/10.4.0/firebase-firestore.memory.js"}}
[info] i  Skipping write of public/index.html 
[info] 
[info] i  Detected a .git folder at C:\Users\walpa\Documents\projects\firebase-react-pedrotech\firebase-react 
[info] i  Authorizing with GitHub to upload your service account to a GitHub repository's secrets store. 
[info] 
[info] Visit this URL on this device to log in:
[info] https://github.com/login/oauth/authorize?client_id=89cf50f02ac6aaed3484&state=389979871&redirect_uri=http%3A%2F%2Flocalhost%3A9005&scope=read%3Auser%20repo%20public_repo
[info] 
[info] Waiting for authentication...
[debug] [2023-10-01T14:37:59.720Z] >>> [apiv2][query] POST https://github.com/login/oauth/access_token [none]
[debug] [2023-10-01T14:37:59.721Z] >>> [apiv2][body] POST https://github.com/login/oauth/access_token [stream]
[debug] [2023-10-01T14:38:00.183Z] <<< [apiv2][status] POST https://github.com/login/oauth/access_token 200
[debug] [2023-10-01T14:38:00.183Z] <<< [apiv2][body] POST https://github.com/login/oauth/access_token {"access_token":"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","token_type":"bearer","scope":"read:user,repo"}
[debug] [2023-10-01T14:38:00.188Z] >>> [apiv2][query] GET https://api.github.com/user [none]
[debug] [2023-10-01T14:38:00.669Z] <<< [apiv2][status] GET https://api.github.com/user 200
[debug] [2023-10-01T14:38:00.669Z] <<< [apiv2][body] GET https://api.github.com/user {"login":"Walparis","id":123378945,"node_id":"U_kgDOB1qdAQ","avatar_url":"https://avatars.githubusercontent.com/u/123378945?v=4","gravatar_id":"","url":"https://api.github.com/users/Walparis","html_url":"https://github.com/Walparis","followers_url":"https://api.github.com/users/Walparis/followers","following_url":"https://api.github.com/users/Walparis/following{/other_user}","gists_url":"https://api.github.com/users/Walparis/gists{/gist_id}","starred_url":"https://api.github.com/users/Walparis/starred{/owner}{/repo}","subscriptions_url":"https://api.github.com/users/Walparis/subscriptions","organizations_url":"https://api.github.com/users/Walparis/orgs","repos_url":"https://api.github.com/users/Walparis/repos","events_url":"https://api.github.com/users/Walparis/events{/privacy}","received_events_url":"https://api.github.com/users/Walparis/received_events","type":"User","site_admin":false,"name":"Madi Mussabekov","company":"Kazakh-British Technical University","blog":"","location":"Almaty, Kazakhstan","email":null,"hireable":null,"bio":null,"twitter_username":null,"public_repos":6,"public_gists":0,"followers":0,"following":0,"created_at":"2023-01-23T12:51:46Z","updated_at":"2023-09-10T09:14:26Z","private_gists":0,"total_private_repos":1,"owned_private_repos":1,"disk_usage":85123,"collaborators":0,"two_factor_authentication":false,"plan":{"name":"free","space":976562499,"collaborators":0,"private_repos":10000}}
[info] 
[info] +  Success! Logged into GitHub as Walparis 
[info] 
